<?xml version="1.0" encoding="UTF-8"?>
<testsuite xmlns:xsi="http://www.w3.org/2001/XMLSchema-instance" xsi:noNamespaceSchemaLocation="https://maven.apache.org/surefire/maven-surefire-plugin/xsd/surefire-test-report.xsd" name="videneevanadezhda.TestAll" time="74.1" tests="1" errors="0" skipped="0" failures="0">
  <properties>
    <property name="sun.desktop" value="gnome"/>
    <property name="awt.toolkit" value="sun.awt.X11.XToolkit"/>
    <property name="java.specification.version" value="11"/>
    <property name="sun.cpu.isalist" value=""/>
    <property name="sun.jnu.encoding" value="UTF-8"/>
    <property name="java.class.path" value="/home/oem/IdeaProjects/MIPTCourse/JDBC, external export, GitLab CI/homework3/target/test-classes:/home/oem/IdeaProjects/MIPTCourse/JDBC, external export, GitLab CI/homework3/target/classes:/home/oem/.m2/repository/org/junit/jupiter/junit-jupiter/5.7.2/junit-jupiter-5.7.2.jar:/home/oem/.m2/repository/org/junit/jupiter/junit-jupiter-api/5.7.2/junit-jupiter-api-5.7.2.jar:/home/oem/.m2/repository/org/apiguardian/apiguardian-api/1.1.0/apiguardian-api-1.1.0.jar:/home/oem/.m2/repository/org/opentest4j/opentest4j/1.2.0/opentest4j-1.2.0.jar:/home/oem/.m2/repository/org/junit/platform/junit-platform-commons/1.7.2/junit-platform-commons-1.7.2.jar:/home/oem/.m2/repository/org/junit/jupiter/junit-jupiter-params/5.7.2/junit-jupiter-params-5.7.2.jar:/home/oem/.m2/repository/org/junit/jupiter/junit-jupiter-engine/5.7.2/junit-jupiter-engine-5.7.2.jar:/home/oem/.m2/repository/org/junit/platform/junit-platform-engine/1.7.2/junit-platform-engine-1.7.2.jar:/home/oem/.m2/repository/org/assertj/assertj-core/3.20.0/assertj-core-3.20.0.jar:/home/oem/.m2/repository/com/approvaltests/approvaltests/11.6.0/approvaltests-11.6.0.jar:/home/oem/.m2/repository/com/approvaltests/approvaltests-util/11.6.0/approvaltests-util-11.6.0.jar:/home/oem/.m2/repository/com/sun/mail/javax.mail/1.6.2/javax.mail-1.6.2.jar:/home/oem/.m2/repository/javax/activation/activation/1.1/activation-1.1.jar:/home/oem/.m2/repository/org/projectlombok/lombok/1.18.8/lombok-1.18.8.jar:/home/oem/.m2/repository/com/h2database/h2/1.4.200/h2-1.4.200.jar:/home/oem/.m2/repository/com/opencsv/opencsv/5.5/opencsv-5.5.jar:/home/oem/.m2/repository/org/apache/commons/commons-lang3/3.12.0/commons-lang3-3.12.0.jar:/home/oem/.m2/repository/org/apache/commons/commons-text/1.9/commons-text-1.9.jar:/home/oem/.m2/repository/commons-beanutils/commons-beanutils/1.9.4/commons-beanutils-1.9.4.jar:/home/oem/.m2/repository/commons-logging/commons-logging/1.2/commons-logging-1.2.jar:/home/oem/.m2/repository/commons-collections/commons-collections/3.2.2/commons-collections-3.2.2.jar:/home/oem/.m2/repository/org/apache/commons/commons-collections4/4.4/commons-collections4-4.4.jar:/home/oem/.m2/repository/org/apache/poi/poi/4.1.2/poi-4.1.2.jar:/home/oem/.m2/repository/commons-codec/commons-codec/1.13/commons-codec-1.13.jar:/home/oem/.m2/repository/org/apache/commons/commons-math3/3.6.1/commons-math3-3.6.1.jar:/home/oem/.m2/repository/com/zaxxer/SparseBitSet/1.2/SparseBitSet-1.2.jar:/home/oem/.m2/repository/org/apache/poi/poi-ooxml/4.1.2/poi-ooxml-4.1.2.jar:/home/oem/.m2/repository/org/apache/poi/poi-ooxml-schemas/4.1.2/poi-ooxml-schemas-4.1.2.jar:/home/oem/.m2/repository/org/apache/xmlbeans/xmlbeans/3.1.0/xmlbeans-3.1.0.jar:/home/oem/.m2/repository/org/apache/commons/commons-compress/1.19/commons-compress-1.19.jar:/home/oem/.m2/repository/com/github/virtuald/curvesapi/1.06/curvesapi-1.06.jar:/home/oem/.m2/repository/org/javatuples/javatuples/1.2/javatuples-1.2.jar:/home/oem/.m2/repository/org/jfree/jfreechart/1.0.19/jfreechart-1.0.19.jar:/home/oem/.m2/repository/org/jfree/jcommon/1.0.23/jcommon-1.0.23.jar:"/>
    <property name="java.vm.vendor" value="Ubuntu"/>
    <property name="sun.arch.data.model" value="64"/>
    <property name="java.vendor.url" value="https://ubuntu.com/"/>
    <property name="user.timezone" value=""/>
    <property name="java.vm.specification.version" value="11"/>
    <property name="os.name" value="Linux"/>
    <property name="sun.java.launcher" value="SUN_STANDARD"/>
    <property name="user.country" value="RU"/>
    <property name="sun.boot.library.path" value="/usr/lib/jvm/java-11-openjdk-amd64/lib"/>
    <property name="sun.java.command" value="/home/oem/IdeaProjects/MIPTCourse/JDBC, external export, GitLab CI/homework3/target/surefire/surefirebooter4346686667632881016.jar /home/oem/IdeaProjects/MIPTCourse/JDBC, external export, GitLab CI/homework3/target/surefire 2021-12-12T23-52-57_235-jvmRun1 surefire13120189624101602068tmp surefire_012035170516532995606tmp"/>
    <property name="jdk.debug" value="release"/>
    <property name="surefire.test.class.path" value="/home/oem/IdeaProjects/MIPTCourse/JDBC, external export, GitLab CI/homework3/target/test-classes:/home/oem/IdeaProjects/MIPTCourse/JDBC, external export, GitLab CI/homework3/target/classes:/home/oem/.m2/repository/org/junit/jupiter/junit-jupiter/5.7.2/junit-jupiter-5.7.2.jar:/home/oem/.m2/repository/org/junit/jupiter/junit-jupiter-api/5.7.2/junit-jupiter-api-5.7.2.jar:/home/oem/.m2/repository/org/apiguardian/apiguardian-api/1.1.0/apiguardian-api-1.1.0.jar:/home/oem/.m2/repository/org/opentest4j/opentest4j/1.2.0/opentest4j-1.2.0.jar:/home/oem/.m2/repository/org/junit/platform/junit-platform-commons/1.7.2/junit-platform-commons-1.7.2.jar:/home/oem/.m2/repository/org/junit/jupiter/junit-jupiter-params/5.7.2/junit-jupiter-params-5.7.2.jar:/home/oem/.m2/repository/org/junit/jupiter/junit-jupiter-engine/5.7.2/junit-jupiter-engine-5.7.2.jar:/home/oem/.m2/repository/org/junit/platform/junit-platform-engine/1.7.2/junit-platform-engine-1.7.2.jar:/home/oem/.m2/repository/org/assertj/assertj-core/3.20.0/assertj-core-3.20.0.jar:/home/oem/.m2/repository/com/approvaltests/approvaltests/11.6.0/approvaltests-11.6.0.jar:/home/oem/.m2/repository/com/approvaltests/approvaltests-util/11.6.0/approvaltests-util-11.6.0.jar:/home/oem/.m2/repository/com/sun/mail/javax.mail/1.6.2/javax.mail-1.6.2.jar:/home/oem/.m2/repository/javax/activation/activation/1.1/activation-1.1.jar:/home/oem/.m2/repository/org/projectlombok/lombok/1.18.8/lombok-1.18.8.jar:/home/oem/.m2/repository/com/h2database/h2/1.4.200/h2-1.4.200.jar:/home/oem/.m2/repository/com/opencsv/opencsv/5.5/opencsv-5.5.jar:/home/oem/.m2/repository/org/apache/commons/commons-lang3/3.12.0/commons-lang3-3.12.0.jar:/home/oem/.m2/repository/org/apache/commons/commons-text/1.9/commons-text-1.9.jar:/home/oem/.m2/repository/commons-beanutils/commons-beanutils/1.9.4/commons-beanutils-1.9.4.jar:/home/oem/.m2/repository/commons-logging/commons-logging/1.2/commons-logging-1.2.jar:/home/oem/.m2/repository/commons-collections/commons-collections/3.2.2/commons-collections-3.2.2.jar:/home/oem/.m2/repository/org/apache/commons/commons-collections4/4.4/commons-collections4-4.4.jar:/home/oem/.m2/repository/org/apache/poi/poi/4.1.2/poi-4.1.2.jar:/home/oem/.m2/repository/commons-codec/commons-codec/1.13/commons-codec-1.13.jar:/home/oem/.m2/repository/org/apache/commons/commons-math3/3.6.1/commons-math3-3.6.1.jar:/home/oem/.m2/repository/com/zaxxer/SparseBitSet/1.2/SparseBitSet-1.2.jar:/home/oem/.m2/repository/org/apache/poi/poi-ooxml/4.1.2/poi-ooxml-4.1.2.jar:/home/oem/.m2/repository/org/apache/poi/poi-ooxml-schemas/4.1.2/poi-ooxml-schemas-4.1.2.jar:/home/oem/.m2/repository/org/apache/xmlbeans/xmlbeans/3.1.0/xmlbeans-3.1.0.jar:/home/oem/.m2/repository/org/apache/commons/commons-compress/1.19/commons-compress-1.19.jar:/home/oem/.m2/repository/com/github/virtuald/curvesapi/1.06/curvesapi-1.06.jar:/home/oem/.m2/repository/org/javatuples/javatuples/1.2/javatuples-1.2.jar:/home/oem/.m2/repository/org/jfree/jfreechart/1.0.19/jfreechart-1.0.19.jar:/home/oem/.m2/repository/org/jfree/jcommon/1.0.23/jcommon-1.0.23.jar:"/>
    <property name="sun.cpu.endian" value="little"/>
    <property name="user.home" value="/home/oem"/>
    <property name="user.language" value="ru"/>
    <property name="java.specification.vendor" value="Oracle Corporation"/>
    <property name="java.version.date" value="2021-04-20"/>
    <property name="java.home" value="/usr/lib/jvm/java-11-openjdk-amd64"/>
    <property name="file.separator" value="/"/>
    <property name="basedir" value="/home/oem/IdeaProjects/MIPTCourse/JDBC, external export, GitLab CI/homework3"/>
    <property name="java.vm.compressedOopsMode" value="32-bit"/>
    <property name="line.separator" value="&#10;"/>
    <property name="java.specification.name" value="Java Platform API Specification"/>
    <property name="java.vm.specification.vendor" value="Oracle Corporation"/>
    <property name="java.awt.graphicsenv" value="sun.awt.X11GraphicsEnvironment"/>
    <property name="surefire.real.class.path" value="/home/oem/IdeaProjects/MIPTCourse/JDBC, external export, GitLab CI/homework3/target/surefire/surefirebooter4346686667632881016.jar"/>
    <property name="sun.management.compiler" value="HotSpot 64-Bit Tiered Compilers"/>
    <property name="java.runtime.version" value="11.0.11+9-Ubuntu-0ubuntu2.20.04"/>
    <property name="user.name" value="oem"/>
    <property name="path.separator" value=":"/>
    <property name="os.version" value="5.11.0-41-generic"/>
    <property name="java.runtime.name" value="OpenJDK Runtime Environment"/>
    <property name="file.encoding" value="UTF-8"/>
    <property name="java.vm.name" value="OpenJDK 64-Bit Server VM"/>
    <property name="localRepository" value="/home/oem/.m2/repository"/>
    <property name="java.vendor.url.bug" value="https://bugs.launchpad.net/ubuntu/+source/openjdk-lts"/>
    <property name="java.io.tmpdir" value="/tmp"/>
    <property name="java.version" value="11.0.11"/>
    <property name="user.dir" value="/home/oem/IdeaProjects/MIPTCourse/JDBC, external export, GitLab CI/homework3"/>
    <property name="os.arch" value="amd64"/>
    <property name="java.vm.specification.name" value="Java Virtual Machine Specification"/>
    <property name="java.awt.printerjob" value="sun.print.PSPrinterJob"/>
    <property name="sun.os.patch.level" value="unknown"/>
    <property name="java.library.path" value="/usr/java/packages/lib:/usr/lib/x86_64-linux-gnu/jni:/lib/x86_64-linux-gnu:/usr/lib/x86_64-linux-gnu:/usr/lib/jni:/lib:/usr/lib"/>
    <property name="java.vm.info" value="mixed mode, sharing"/>
    <property name="java.vendor" value="Ubuntu"/>
    <property name="java.vm.version" value="11.0.11+9-Ubuntu-0ubuntu2.20.04"/>
    <property name="sun.io.unicode.encoding" value="UnicodeLittle"/>
    <property name="java.class.version" value="55.0"/>
  </properties>
  <testcase name="testAll" classname="videneevanadezhda.TestAll" time="73.995"/>
</testsuite>